<?xml version="1.0" encoding="UTF-8"?>
<!-- Generated by org.testng.reporters.JUnitReportReporter -->
<testsuite skipped="0" hostname="RVSKCH342LT" name="com.rapid.gitlab.TestSuite" tests="1" failures="0" timestamp="25 Jun 2019 05:21:18 GMT" time="2.704" errors="0">
  <testcase name="TC_001_GoogleSearch" time="2.704" classname="com.rapid.gitlab.TestSuite"/>
</testsuite> <!-- com.rapid.gitlab.TestSuite -->
