<?xml version="1.0" encoding="UTF-8"?>
<!-- Generated by org.testng.reporters.JUnitReportReporter -->
<testsuite skipped="0" hostname="RVSKCH342LT" name="com.rapid.gitlab.TestSuite" tests="1" failures="0" timestamp="13 Jun 2019 16:25:21 GMT" time="0.016" errors="0">
  <testcase name="TC_001_TestCase" time="0.016" classname="com.rapid.gitlab.TestSuite"/>
</testsuite> <!-- com.rapid.gitlab.TestSuite -->
